<?xml version="1.0" encoding="UTF-8"?>
<TestRun id="27ed16d7-892c-47c3-84f3-b5b5733afbdc" name="rzhong@ITSM1030674 2011-11-21 14:48:47" runUser="ACADEMIC\rzhong" xmlns="http://microsoft.com/schemas/VisualStudio/TeamTest/2006">
  <TestRunConfiguration name="Local Test Run" id="c42c55b2-03a0-4cde-a9da-4bdc707620e0">
    <Description>This is a default test run configuration for a local test run.</Description>
    <Deployment runDeploymentRoot="C:\Users\rzhong\Desktop\NETRuikeZhong\TestResults\rzhong_ITSM1030674 2011-11-21 14_48_47">
      <DeploymentItem filename="C:\Users\rzhong\Desktop\NETRuikeZhong\NETRuikeZhong\bin\Debug\NETRuikeZhong.exe" />
      <DeploymentItem filename="C:\Users\rzhong\Desktop\NETRuikeZhong\DataTier\bin\Debug\DataTier.dll" />
      <DeploymentItem filename="C:\Users\rzhong\Desktop\NETRuikeZhong\BusinessTier\bin\Debug\BusinessTier.dll" />
    </Deployment>
    <TestTypeSpecific />
  </TestRunConfiguration>
  <ResultSummary outcome="Failed">
    <Counters total="1" executed="1" error="0" failed="1" timeout="0" aborted="0" inconclusive="0" passedButRunAborted="0" notRunnable="0" notExecuted="0" disconnected="0" warning="0" passed="0" completed="0" inProgress="0" pending="0" />
  </ResultSummary>
  <Times creation="2011-11-21T14:48:47.6361236-06:00" queuing="2011-11-21T14:48:48.4122012-06:00" start="2011-11-21T14:48:48.5702170-06:00" finish="2011-11-21T14:48:49.1742774-06:00" />
  <TestDefinitions>
    <UnitTest name="updateOneCarTest" storage="c:\users\rzhong\desktop\netruikezhong\ruikezhong\bin\debug\ruikezhong.dll" id="f312c311-fd42-ece7-e845-ace20316a2ca">
      <Css projectStructure="" iteration="" />
      <Owners>
        <Owner name="" />
      </Owners>
      <Execution id="d95b642a-d059-4bb3-ad71-499d8e602561" />
      <TestMethod codeBase="C:\Users\rzhong\Desktop\NETRuikeZhong\RuiKeZhong\bin\Debug\RuiKeZhong.dll" adapterTypeName="Microsoft.VisualStudio.TestTools.TestTypes.Unit.UnitTestAdapter, Microsoft.VisualStudio.QualityTools.Tips.UnitTest.Adapter, Version=9.0.0.0, Culture=neutral, PublicKeyToken=b03f5f7f11d50a3a" className="RuiKeZhong.clsDataTest, RuiKeZhong" name="updateOneCarTest" />
    </UnitTest>
  </TestDefinitions>
  <TestLists>
    <TestList name="Results Not in a List" id="8c84fa94-04c1-424b-9868-57a2d4851a1d" />
    <TestList name="All Loaded Results" id="19431567-8539-422a-85d7-44ee4e166bda" />
  </TestLists>
  <TestEntries>
    <TestEntry testId="f312c311-fd42-ece7-e845-ace20316a2ca" executionId="d95b642a-d059-4bb3-ad71-499d8e602561" testListId="8c84fa94-04c1-424b-9868-57a2d4851a1d" />
  </TestEntries>
  <Results>
    <UnitTestResult executionId="d95b642a-d059-4bb3-ad71-499d8e602561" testId="f312c311-fd42-ece7-e845-ace20316a2ca" testName="updateOneCarTest" computerName="ITSM1030674" duration="00:00:00.1254674" startTime="2011-11-21T14:48:48.6222222-06:00" endTime="2011-11-21T14:48:49.1352735-06:00" testType="13cdc9d9-ddb5-4fa4-a97d-d965ccfc6d4b" outcome="Failed" testListId="8c84fa94-04c1-424b-9868-57a2d4851a1d">
      <Output>
        <ErrorInfo>
          <Message>Test method RuiKeZhong.clsDataTest.updateOneCarTest threw exception:  System.InvalidOperationException: Update unable to find TableMapping['UsedCars'] or DataTable 'UsedCars'..</Message>
          <StackTrace>    at System.Data.Common.DbDataAdapter.Update(DataSet dataSet, String srcTable)
   at DataTier.clsData.updateOneCar(DataSet dsChanged) in C:\Users\rzhong\Desktop\NETRuikeZhong\DataTier\clsData.vb:line 252
   at DataTier.clsData_Accessor.updateOneCar(DataSet dsChanged)
   at RuiKeZhong.clsDataTest.updateOneCarTest() in C:\Users\rzhong\Desktop\NETRuikeZhong\RuiKeZhong\clsDataTest.vb:line 286
</StackTrace>
        </ErrorInfo>
      </Output>
    </UnitTestResult>
  </Results>
</TestRun>